mode 2
event 84710000 61540000 0 d95b71f1-71b6-48c8-be6b-bc436b39bfd5 200000 800000 400000 0 31 0 3
event 85860000 60770000 3 00000000-0000-0000-0000-000000000000 155000 600000 250000 1 31 0 3
event 87340000 59880000 3 00000000-0000-0000-0000-000000000000 155000 600000 250000 1 31 0 3
event 90120000 58760000 3 00000000-0000-0000-0000-000000000000 155000 600000 250000 1 31 0 3
event 91340000 58200000 3 00000000-0000-0000-0000-000000000000 155000 600000 250000 1 31 0 3
event 92110000 58050000 3 00000000-0000-0000-0000-000000000000 155000 600000 250000 1 31 0 3
event 92170000 57990000 3 00000000-0000-0000-0000-000000000000 155000 600000 250000 1 31 0 3
event 92280000 57990000 3 00000000-0000-0000-0000-000000000000 155000 600000 250000 1 31 0 3
event 92910000 57990000 3 00000000-0000-0000-0000-000000000000 155000 600000 250000 1 31 0 3
event 93910000 58080000 3 00000000-0000-0000-0000-000000000000 155000 600000 250000 1 31 0 3
event 94560000 58170000 3 00000000-0000-0000-0000-000000000000 155000 600000 250000 1 31 0 3
event 94920000 58200000 3 00000000-0000-0000-0000-000000000000 155000 600000 250000 1 31 0 3
event 94920000 58220000 3 00000000-0000-0000-0000-000000000000 155000 600000 250000 1 31 0 3
event 94950000 58250000 3 00000000-0000-0000-0000-000000000000 155000 600000 250000 1 31 0 3
event 94980000 58340000 3 00000000-0000-0000-0000-000000000000 155000 600000 250000 1 31 0 3
event 95070000 58460000 3 00000000-0000-0000-0000-000000000000 155000 600000 250000 1 31 0 3
event 95070000 58490000 3 00000000-0000-0000-0000-000000000000 155000 600000 250000 1 31 0 3
event 95180000 58580000 3 00000000-0000-0000-0000-000000000000 155000 600000 250000 1 31 0 3
event 95450000 58820000 3 00000000-0000-0000-0000-000000000000 155000 600000 250000 1 31 0 3
event 95600000 58940000 3 00000000-0000-0000-0000-000000000000 155000 600000 250000 1 31 0 3
event 95720000 58960000 3 00000000-0000-0000-0000-000000000000 155000 600000 250000 1 31 0 3
event 95840000 58990000 3 00000000-0000-0000-0000-000000000000 155000 600000 250000 1 31 0 3
event 96220000 59140000 3 00000000-0000-0000-0000-000000000000 155000 600000 250000 1 31 0 3
event 96280000 59140000 3 00000000-0000-0000-0000-000000000000 155000 600000 250000 1 31 0 3
event 96280000 59200000 3 00000000-0000-0000-0000-000000000000 155000 600000 250000 1 31 0 3
event 96340000 59200000 3 00000000-0000-0000-0000-000000000000 155000 600000 250000 1 31 0 3
event 96520000 59230000 3 00000000-0000-0000-0000-000000000000 155000 600000 250000 1 31 0 3
event 96870000 59260000 3 00000000-0000-0000-0000-000000000000 155000 600000 250000 1 31 0 3
event 96990000 59320000 3 00000000-0000-0000-0000-000000000000 155000 600000 250000 1 31 0 3
event 97020000 59320000 3 00000000-0000-0000-0000-000000000000 155000 600000 250000 1 31 0 3
event 97140000 59350000 3 00000000-0000-0000-0000-000000000000 155000 600000 250000 1 31 0 3
event 97170000 59380000 3 00000000-0000-0000-0000-000000000000 155000 600000 250000 1 31 0 3
event 97230000 59380000 3 00000000-0000-0000-0000-000000000000 155000 600000 250000 1 31 0 3
event 97260000 59380000 3 00000000-0000-0000-0000-000000000000 155000 600000 250000 1 31 0 3
event 97520000 59410000 3 00000000-0000-0000-0000-000000000000 155000 600000 250000 1 31 0 3
event 97640000 59500000 3 00000000-0000-0000-0000-000000000000 155000 600000 250000 1 31 0 3
event 97760000 59590000 3 00000000-0000-0000-0000-000000000000 155000 600000 250000 1 31 0 3
event 97820000 59700000 3 00000000-0000-0000-0000-000000000000 155000 600000 250000 1 31 0 3
event 97910000 59760000 3 00000000-0000-0000-0000-000000000000 155000 600000 250000 1 31 0 3
event 97940000 59790000 3 00000000-0000-0000-0000-000000000000 155000 600000 250000 1 31 0 3
event 98000000 59850000 3 00000000-0000-0000-0000-000000000000 155000 600000 250000 1 31 0 3
event 98140000 60000000 3 00000000-0000-0000-0000-000000000000 155000 600000 250000 1 31 0 3
event 98320000 60390000 3 00000000-0000-0000-0000-000000000000 155000 600000 250000 1 31 0 3
event 98560000 60650000 3 00000000-0000-0000-0000-000000000000 155000 600000 250000 1 31 0 3
event 98650000 60800000 3 00000000-0000-0000-0000-000000000000 155000 600000 250000 1 31 0 3
event 98650000 60860000 3 00000000-0000-0000-0000-000000000000 155000 600000 250000 1 31 0 3
event 98710000 60950000 3 00000000-0000-0000-0000-000000000000 155000 600000 250000 1 31 0 3
event 98770000 61010000 3 00000000-0000-0000-0000-000000000000 155000 600000 250000 1 31 0 3
event 98800000 61040000 3 00000000-0000-0000-0000-000000000000 155000 600000 250000 1 31 0 3
event 98800000 61040000 3 00000000-0000-0000-0000-000000000000 155000 600000 250000 1 31 0 3
event 98830000 61070000 3 00000000-0000-0000-0000-000000000000 155000 600000 250000 1 31 0 3
event 98880000 61160000 3 00000000-0000-0000-0000-000000000000 155000 600000 250000 1 31 0 3
event 98880000 61240000 3 00000000-0000-0000-0000-000000000000 155000 600000 250000 1 31 0 3
event 98940000 61450000 3 00000000-0000-0000-0000-000000000000 155000 600000 250000 1 31 0 3
event 98970000 61510000 3 00000000-0000-0000-0000-000000000000 155000 600000 250000 1 31 0 3
event 99030000 61570000 3 00000000-0000-0000-0000-000000000000 155000 600000 250000 1 31 0 3
event 99060000 61720000 3 00000000-0000-0000-0000-000000000000 155000 600000 250000 1 31 0 3
event 99180000 61900000 3 00000000-0000-0000-0000-000000000000 155000 600000 250000 1 31 0 3
event 99210000 61950000 3 00000000-0000-0000-0000-000000000000 155000 600000 250000 1 31 0 3
event 99210000 62040000 3 00000000-0000-0000-0000-000000000000 155000 600000 250000 1 31 0 3
event 99300000 62190000 3 00000000-0000-0000-0000-000000000000 155000 600000 250000 1 31 0 3
event 99300000 62310000 3 00000000-0000-0000-0000-000000000000 155000 600000 250000 1 31 0 3
event 99360000 62400000 3 00000000-0000-0000-0000-000000000000 155000 600000 250000 1 31 0 3
event 99360000 62460000 3 00000000-0000-0000-0000-000000000000 155000 600000 250000 1 31 0 3
event 99420000 62550000 3 00000000-0000-0000-0000-000000000000 155000 600000 250000 1 31 0 3
event 99420000 62610000 3 00000000-0000-0000-0000-000000000000 155000 600000 250000 1 31 0 3
event 99420000 62660000 3 00000000-0000-0000-0000-000000000000 155000 600000 250000 1 31 0 3
event 99450000 62660000 3 00000000-0000-0000-0000-000000000000 155000 600000 250000 1 31 0 3
event 99480000 62720000 3 00000000-0000-0000-0000-000000000000 155000 600000 250000 1 31 0 3
event 99480000 62780000 3 00000000-0000-0000-0000-000000000000 155000 600000 250000 1 31 0 3
event 99540000 62780000 3 00000000-0000-0000-0000-000000000000 155000 600000 250000 1 31 0 3
event 99570000 62780000 3 00000000-0000-0000-0000-000000000000 155000 600000 250000 1 31 0 3
event 99600000 62720000 3 00000000-0000-0000-0000-000000000000 155000 600000 250000 1 31 0 3
event 99600000 62610000 3 00000000-0000-0000-0000-000000000000 155000 600000 250000 1 31 0 3
event 99650000 62490000 3 00000000-0000-0000-0000-000000000000 155000 600000 250000 1 31 0 3
event 99650000 62430000 3 00000000-0000-0000-0000-000000000000 155000 600000 250000 1 31 0 3
event 99650000 62400000 3 00000000-0000-0000-0000-000000000000 155000 600000 250000 1 31 0 3
event 99650000 62430000 3 00000000-0000-0000-0000-000000000000 155000 600000 250000 1 31 0 3
event 99600000 62430000 3 00000000-0000-0000-0000-000000000000 155000 600000 250000 1 31 0 3
event 99570000 62430000 3 00000000-0000-0000-0000-000000000000 155000 600000 250000 1 31 0 3
event 0 0 5 00000000-0000-0000-0000-000000000000 200000 800000 400000 0 31 0 3
event 99570000 62430000 3 00000000-0000-0000-0000-000000000000 155000 600000 250000 1 31 0 3
head line net 2 layers 0 0
head line net 1 layers 0 0

