mode 2
event 82170000 60270000 0 1d7fecc2-a0c6-440a-89ea-f09d38f45fc1 400000 800000 400000 0 31 -1 3
event 91010000 60090000 3 00000000-0000-0000-0000-000000000000 155000 600000 250000 1 31 0 3
event 94030000 60240000 3 00000000-0000-0000-0000-000000000000 155000 600000 250000 1 31 0 3
event 95510000 60360000 3 00000000-0000-0000-0000-000000000000 155000 600000 250000 1 31 0 3
event 95810000 60530000 3 00000000-0000-0000-0000-000000000000 155000 600000 250000 1 31 0 3
event 96220000 61070000 3 00000000-0000-0000-0000-000000000000 155000 600000 250000 1 31 0 3
event 96490000 61660000 3 00000000-0000-0000-0000-000000000000 155000 600000 250000 1 31 0 3
event 96720000 62190000 3 00000000-0000-0000-0000-000000000000 155000 600000 250000 1 31 0 3
event 96840000 62430000 3 00000000-0000-0000-0000-000000000000 155000 600000 250000 1 31 0 3
event 96900000 62550000 3 00000000-0000-0000-0000-000000000000 155000 600000 250000 1 31 0 3
event 96960000 62550000 3 00000000-0000-0000-0000-000000000000 155000 600000 250000 1 31 0 3
event 96960000 62490000 3 00000000-0000-0000-0000-000000000000 155000 600000 250000 1 31 0 3
event 96990000 62490000 3 00000000-0000-0000-0000-000000000000 155000 600000 250000 1 31 0 3
event 97020000 62460000 3 00000000-0000-0000-0000-000000000000 155000 600000 250000 1 31 0 3
event 97380000 62340000 3 00000000-0000-0000-0000-000000000000 155000 600000 250000 1 31 0 3
event 97430000 62340000 3 00000000-0000-0000-0000-000000000000 155000 600000 250000 1 31 0 3
event 97730000 62400000 3 00000000-0000-0000-0000-000000000000 155000 600000 250000 1 31 0 3
event 98060000 62430000 3 00000000-0000-0000-0000-000000000000 155000 600000 250000 1 31 0 3
event 98140000 62460000 3 00000000-0000-0000-0000-000000000000 155000 600000 250000 1 31 0 3
event 98140000 62490000 3 00000000-0000-0000-0000-000000000000 155000 600000 250000 1 31 0 3
event 98140000 62550000 3 00000000-0000-0000-0000-000000000000 155000 600000 250000 1 31 0 3
event 98200000 62550000 3 00000000-0000-0000-0000-000000000000 155000 600000 250000 1 31 0 3
event 98200000 62580000 3 00000000-0000-0000-0000-000000000000 155000 600000 250000 1 31 0 3
event 98200000 62660000 3 00000000-0000-0000-0000-000000000000 155000 600000 250000 1 31 0 3
event 98200000 62690000 3 00000000-0000-0000-0000-000000000000 155000 600000 250000 1 31 0 3
event 98200000 62720000 3 00000000-0000-0000-0000-000000000000 155000 600000 250000 1 31 0 3
event 98200000 62690000 3 00000000-0000-0000-0000-000000000000 155000 600000 250000 1 31 0 3
event 98140000 62660000 3 00000000-0000-0000-0000-000000000000 155000 600000 250000 1 31 0 3
event 98120000 62660000 3 00000000-0000-0000-0000-000000000000 155000 600000 250000 1 31 0 3
event 98120000 62640000 3 00000000-0000-0000-0000-000000000000 155000 600000 250000 1 31 0 3
event 97650000 62680000 3 00000000-0000-0000-0000-000000000000 155000 600000 250000 1 31 0 3
event 97700000 62680000 3 00000000-0000-0000-0000-000000000000 155000 600000 250000 1 31 0 3
event 97700000 62680000 3 00000000-0000-0000-0000-000000000000 155000 600000 250000 1 31 0 3
event 97700000 62680000 3 00000000-0000-0000-0000-000000000000 155000 600000 250000 1 31 0 3
event 97700000 62680000 3 00000000-0000-0000-0000-000000000000 155000 600000 250000 1 31 0 3
event 97700000 62680000 3 00000000-0000-0000-0000-000000000000 155000 600000 250000 1 31 0 3
event 97700000 62670000 3 00000000-0000-0000-0000-000000000000 155000 600000 250000 1 31 0 3
event 97700000 62670000 3 00000000-0000-0000-0000-000000000000 155000 600000 250000 1 31 0 3
event 97700000 62670000 3 00000000-0000-0000-0000-000000000000 155000 600000 250000 1 31 0 3
event 97700000 62670000 3 00000000-0000-0000-0000-000000000000 155000 600000 250000 1 31 0 3
event 97700000 62670000 3 00000000-0000-0000-0000-000000000000 155000 600000 250000 1 31 0 3
event 97700000 62690000 3 00000000-0000-0000-0000-000000000000 155000 600000 250000 1 31 0 3
event 97700000 62690000 3 00000000-0000-0000-0000-000000000000 155000 600000 250000 1 31 0 3
event 97700000 62670000 3 00000000-0000-0000-0000-000000000000 155000 600000 250000 1 31 0 3
event 98110000 62360000 3 00000000-0000-0000-0000-000000000000 155000 600000 250000 1 31 0 3
event 98130000 62340000 3 00000000-0000-0000-0000-000000000000 155000 600000 250000 1 31 0 3
event 98110000 62340000 3 00000000-0000-0000-0000-000000000000 155000 600000 250000 1 31 0 3
event 98050000 62340000 3 00000000-0000-0000-0000-000000000000 155000 600000 250000 1 31 0 3
event 98030000 62340000 3 00000000-0000-0000-0000-000000000000 155000 600000 250000 1 31 0 3
event 98030000 62320000 3 00000000-0000-0000-0000-000000000000 155000 600000 250000 1 31 0 3
event 97970000 62320000 3 00000000-0000-0000-0000-000000000000 155000 600000 250000 1 31 0 3
event 97950000 62280000 3 00000000-0000-0000-0000-000000000000 155000 600000 250000 1 31 0 3
event 97880000 62280000 3 00000000-0000-0000-0000-000000000000 155000 600000 250000 1 31 0 3
event 97720000 62280000 3 00000000-0000-0000-0000-000000000000 155000 600000 250000 1 31 0 3
event 97700000 62280000 3 00000000-0000-0000-0000-000000000000 155000 600000 250000 1 31 0 3
event 0 0 5 00000000-0000-0000-0000-000000000000 400000 800000 400000 0 31 0 3
event 97640000 62260000 3 00000000-0000-0000-0000-000000000000 155000 600000 250000 1 31 0 3
event 97620000 62260000 3 00000000-0000-0000-0000-000000000000 155000 600000 250000 1 31 0 3
event 97490000 62220000 3 00000000-0000-0000-0000-000000000000 155000 600000 250000 1 31 0 3
event 89790000 59960000 3 00000000-0000-0000-0000-000000000000 155000 600000 250000 1 31 0 3
event 89740000 59960000 3 00000000-0000-0000-0000-000000000000 155000 600000 250000 1 31 0 3
event 89740000 60000000 3 00000000-0000-0000-0000-000000000000 155000 600000 250000 1 31 0 3
event 89760000 60020000 3 00000000-0000-0000-0000-000000000000 155000 600000 250000 1 31 0 3
event 89850000 60080000 3 00000000-0000-0000-0000-000000000000 155000 600000 250000 1 31 0 3
event 89890000 60120000 3 00000000-0000-0000-0000-000000000000 155000 600000 250000 1 31 0 3
event 90030000 60180000 3 00000000-0000-0000-0000-000000000000 155000 600000 250000 1 31 0 3
event 90320000 60300000 3 00000000-0000-0000-0000-000000000000 155000 600000 250000 1 31 0 3
event 90750000 60530000 3 00000000-0000-0000-0000-000000000000 155000 600000 250000 1 31 0 3
event 91200000 60610000 3 00000000-0000-0000-0000-000000000000 155000 600000 250000 1 31 0 3
event 91610000 60610000 3 00000000-0000-0000-0000-000000000000 155000 600000 250000 1 31 0 3
event 91640000 60610000 3 00000000-0000-0000-0000-000000000000 155000 600000 250000 1 31 0 3
event 91660000 60570000 3 00000000-0000-0000-0000-000000000000 155000 600000 250000 1 31 0 3
event 91700000 60550000 3 00000000-0000-0000-0000-000000000000 155000 600000 250000 1 31 0 3
event 91740000 60530000 3 00000000-0000-0000-0000-000000000000 155000 600000 250000 1 31 0 3
event 91820000 60530000 3 00000000-0000-0000-0000-000000000000 155000 600000 250000 1 31 0 3
event 92010000 60490000 3 00000000-0000-0000-0000-000000000000 155000 600000 250000 1 31 0 3
event 92420000 60450000 3 00000000-0000-0000-0000-000000000000 155000 600000 250000 1 31 0 3
event 93140000 60450000 3 00000000-0000-0000-0000-000000000000 155000 600000 250000 1 31 0 3
event 94140000 60610000 3 00000000-0000-0000-0000-000000000000 155000 600000 250000 1 31 0 3
event 95190000 60800000 3 00000000-0000-0000-0000-000000000000 155000 600000 250000 1 31 0 3
event 95910000 60880000 3 00000000-0000-0000-0000-000000000000 155000 600000 250000 1 31 0 3
event 96630000 60940000 3 00000000-0000-0000-0000-000000000000 155000 600000 250000 1 31 0 3
event 99900000 61210000 3 00000000-0000-0000-0000-000000000000 155000 600000 250000 1 31 0 3
event 101770000 61350000 3 00000000-0000-0000-0000-000000000000 155000 600000 250000 1 31 0 3
event 101790000 61350000 3 00000000-0000-0000-0000-000000000000 155000 600000 250000 1 31 0 3
event 101790000 61370000 3 00000000-0000-0000-0000-000000000000 155000 600000 250000 1 31 0 3
event 101690000 61780000 3 00000000-0000-0000-0000-000000000000 155000 600000 250000 1 31 0 3
event 101540000 61410000 3 00000000-0000-0000-0000-000000000000 155000 600000 250000 1 31 0 3
event 100820000 60570000 3 00000000-0000-0000-0000-000000000000 155000 600000 250000 1 31 0 3
event 100620000 60450000 3 00000000-0000-0000-0000-000000000000 155000 600000 250000 1 31 0 3
event 100540000 60370000 3 00000000-0000-0000-0000-000000000000 155000 600000 250000 1 31 0 3
event 100520000 60370000 3 00000000-0000-0000-0000-000000000000 155000 600000 250000 1 31 0 3
event 100470000 60410000 3 00000000-0000-0000-0000-000000000000 155000 600000 250000 1 31 0 3
event 100020000 61370000 3 00000000-0000-0000-0000-000000000000 155000 600000 250000 1 31 0 3
event 99670000 62770000 3 00000000-0000-0000-0000-000000000000 155000 600000 250000 1 31 0 3
event 99570000 62960000 3 00000000-0000-0000-0000-000000000000 155000 600000 250000 1 31 0 3
event 99570000 62980000 3 00000000-0000-0000-0000-000000000000 155000 600000 250000 1 31 0 3
event 99570000 62960000 3 00000000-0000-0000-0000-000000000000 155000 600000 250000 1 31 0 3
event 99650000 62770000 3 00000000-0000-0000-0000-000000000000 155000 600000 250000 1 31 0 3
event 99650000 62850000 3 00000000-0000-0000-0000-000000000000 155000 600000 250000 1 31 0 3
event 99570000 63080000 3 00000000-0000-0000-0000-000000000000 155000 600000 250000 1 31 0 3
event 99550000 63200000 3 00000000-0000-0000-0000-000000000000 155000 600000 250000 1 31 0 3
event 99550000 63240000 3 00000000-0000-0000-0000-000000000000 155000 600000 250000 1 31 0 3
event 99470000 63410000 3 00000000-0000-0000-0000-000000000000 155000 600000 250000 1 31 0 3
event 99470000 63470000 3 00000000-0000-0000-0000-000000000000 155000 600000 250000 1 31 0 3
event 99470000 63490000 3 00000000-0000-0000-0000-000000000000 155000 600000 250000 1 31 0 3
event 99450000 63590000 3 00000000-0000-0000-0000-000000000000 155000 600000 250000 1 31 0 3
event 99240000 63940000 3 00000000-0000-0000-0000-000000000000 155000 600000 250000 1 31 0 3
event 98600000 64370000 3 00000000-0000-0000-0000-000000000000 155000 600000 250000 1 31 0 3
event 97990000 64420000 3 00000000-0000-0000-0000-000000000000 155000 600000 250000 1 31 0 3
event 97950000 64000000 3 00000000-0000-0000-0000-000000000000 155000 600000 250000 1 31 0 3
event 98030000 63660000 3 00000000-0000-0000-0000-000000000000 155000 600000 250000 1 31 0 3
event 98130000 63140000 3 00000000-0000-0000-0000-000000000000 155000 600000 250000 1 31 0 3
event 98500000 62500000 3 00000000-0000-0000-0000-000000000000 155000 600000 250000 1 31 0 3
event 98750000 62280000 3 00000000-0000-0000-0000-000000000000 155000 600000 250000 1 31 0 3
event 99060000 62010000 3 00000000-0000-0000-0000-000000000000 155000 600000 250000 1 31 0 3
event 99380000 61700000 3 00000000-0000-0000-0000-000000000000 155000 600000 250000 1 31 0 3
event 99550000 61480000 3 00000000-0000-0000-0000-000000000000 155000 600000 250000 1 31 0 3
event 99570000 61370000 3 00000000-0000-0000-0000-000000000000 155000 600000 250000 1 31 0 3
event 99590000 61330000 3 00000000-0000-0000-0000-000000000000 155000 600000 250000 1 31 0 3
event 99650000 61190000 3 00000000-0000-0000-0000-000000000000 155000 600000 250000 1 31 0 3
event 99730000 60920000 3 00000000-0000-0000-0000-000000000000 155000 600000 250000 1 31 0 3
event 99730000 60880000 3 00000000-0000-0000-0000-000000000000 155000 600000 250000 1 31 0 3
event 99730000 60820000 3 00000000-0000-0000-0000-000000000000 155000 600000 250000 1 31 0 3
event 99750000 60740000 3 00000000-0000-0000-0000-000000000000 155000 600000 250000 1 31 0 3
event 99750000 60650000 3 00000000-0000-0000-0000-000000000000 155000 600000 250000 1 31 0 3
event 99750000 60570000 3 00000000-0000-0000-0000-000000000000 155000 600000 250000 1 31 0 3
event 99750000 60490000 3 00000000-0000-0000-0000-000000000000 155000 600000 250000 1 31 0 3
event 99750000 60370000 3 00000000-0000-0000-0000-000000000000 155000 600000 250000 1 31 0 3
event 99670000 60180000 3 00000000-0000-0000-0000-000000000000 155000 600000 250000 1 31 0 3
event 99650000 60100000 3 00000000-0000-0000-0000-000000000000 155000 600000 250000 1 31 0 3
event 99630000 60020000 3 00000000-0000-0000-0000-000000000000 155000 600000 250000 1 31 0 3
event 99490000 59870000 3 00000000-0000-0000-0000-000000000000 155000 600000 250000 1 31 0 3
event 99360000 59730000 3 00000000-0000-0000-0000-000000000000 155000 600000 250000 1 31 0 3
event 99280000 59590000 3 00000000-0000-0000-0000-000000000000 155000 600000 250000 1 31 0 3
event 99220000 59500000 3 00000000-0000-0000-0000-000000000000 155000 600000 250000 1 31 0 3
event 99200000 59500000 3 00000000-0000-0000-0000-000000000000 155000 600000 250000 1 31 0 3
event 99200000 59540000 3 00000000-0000-0000-0000-000000000000 155000 600000 250000 1 31 0 3
event 99120000 59930000 3 00000000-0000-0000-0000-000000000000 155000 600000 250000 1 31 0 3
event 99220000 60450000 3 00000000-0000-0000-0000-000000000000 155000 600000 250000 1 31 0 3
event 99360000 60740000 3 00000000-0000-0000-0000-000000000000 155000 600000 250000 1 31 0 3
event 99380000 60760000 3 00000000-0000-0000-0000-000000000000 155000 600000 250000 1 31 0 3
event 99410000 60820000 3 00000000-0000-0000-0000-000000000000 155000 600000 250000 1 31 0 3
event 99410000 60820000 3 00000000-0000-0000-0000-000000000000 155000 600000 250000 1 31 0 3
event 99410000 60840000 3 00000000-0000-0000-0000-000000000000 155000 600000 250000 1 31 0 3
event 99450000 60840000 3 00000000-0000-0000-0000-000000000000 155000 600000 250000 1 31 0 3
event 99450000 60880000 3 00000000-0000-0000-0000-000000000000 155000 600000 250000 1 31 0 3
event 99450000 60940000 3 00000000-0000-0000-0000-000000000000 155000 600000 250000 1 31 0 3
event 99490000 61070000 3 00000000-0000-0000-0000-000000000000 155000 600000 250000 1 31 0 3
event 99510000 61110000 3 00000000-0000-0000-0000-000000000000 155000 600000 250000 1 31 0 3
event 99550000 61190000 3 00000000-0000-0000-0000-000000000000 155000 600000 250000 1 31 0 3
event 99490000 61290000 3 00000000-0000-0000-0000-000000000000 155000 600000 250000 1 31 0 3
event 99490000 61330000 3 00000000-0000-0000-0000-000000000000 155000 600000 250000 1 31 0 3
event 99490000 61350000 3 00000000-0000-0000-0000-000000000000 155000 600000 250000 1 31 0 3
event 99470000 61370000 3 00000000-0000-0000-0000-000000000000 155000 600000 250000 1 31 0 3
event 98910000 62050000 3 00000000-0000-0000-0000-000000000000 155000 600000 250000 1 31 0 3
event 98480000 62440000 3 00000000-0000-0000-0000-000000000000 155000 600000 250000 1 31 0 3
event 97720000 62670000 3 00000000-0000-0000-0000-000000000000 155000 600000 250000 1 31 0 3
event 94780000 62670000 3 00000000-0000-0000-0000-000000000000 155000 600000 250000 1 31 0 3
event 93300000 62870000 3 00000000-0000-0000-0000-000000000000 155000 600000 250000 1 31 0 3
event 93030000 63470000 3 00000000-0000-0000-0000-000000000000 155000 600000 250000 1 31 0 3
event 92350000 64660000 3 00000000-0000-0000-0000-000000000000 155000 600000 250000 1 31 0 3
event 92030000 65200000 3 00000000-0000-0000-0000-000000000000 155000 600000 250000 1 31 0 3
event 92070000 65730000 3 00000000-0000-0000-0000-000000000000 155000 600000 250000 1 31 0 3
event 93220000 66780000 3 00000000-0000-0000-0000-000000000000 155000 600000 250000 1 31 0 3
event 97430000 68140000 3 00000000-0000-0000-0000-000000000000 155000 600000 250000 1 31 0 3
event 98520000 68380000 3 00000000-0000-0000-0000-000000000000 155000 600000 250000 1 31 0 3
event 98560000 68470000 3 00000000-0000-0000-0000-000000000000 155000 600000 250000 1 31 0 3
event 98670000 68770000 3 00000000-0000-0000-0000-000000000000 155000 600000 250000 1 31 0 3
event 99200000 69370000 3 00000000-0000-0000-0000-000000000000 155000 600000 250000 1 31 0 3
event 99490000 69640000 3 00000000-0000-0000-0000-000000000000 155000 600000 250000 1 31 0 3
event 99570000 69720000 3 00000000-0000-0000-0000-000000000000 155000 600000 250000 1 31 0 3
event 99630000 69920000 3 00000000-0000-0000-0000-000000000000 155000 600000 250000 1 31 0 3
event 99200000 70950000 3 00000000-0000-0000-0000-000000000000 155000 600000 250000 1 31 0 3
event 97040000 72700000 3 00000000-0000-0000-0000-000000000000 155000 600000 250000 1 31 0 3
event 93420000 73730000 3 00000000-0000-0000-0000-000000000000 155000 600000 250000 1 31 0 3
event 89520000 73400000 3 00000000-0000-0000-0000-000000000000 155000 600000 250000 1 31 0 3
event 89050000 73300000 3 00000000-0000-0000-0000-000000000000 155000 600000 250000 1 31 0 3
event 89050000 73280000 3 00000000-0000-0000-0000-000000000000 155000 600000 250000 1 31 0 3
event 89290000 75270000 3 00000000-0000-0000-0000-000000000000 155000 600000 250000 1 31 0 3
event 89290000 75760000 3 00000000-0000-0000-0000-000000000000 155000 600000 250000 1 31 0 3
event 89310000 75760000 3 00000000-0000-0000-0000-000000000000 155000 600000 250000 1 31 0 3
event 89310000 75720000 3 00000000-0000-0000-0000-000000000000 155000 600000 250000 1 31 0 3
event 84070000 74610000 3 00000000-0000-0000-0000-000000000000 155000 600000 250000 1 31 0 3
event 78250000 73970000 3 00000000-0000-0000-0000-000000000000 155000 600000 250000 1 31 0 3
event 77310000 73970000 3 00000000-0000-0000-0000-000000000000 155000 600000 250000 1 31 0 3
event 77100000 73990000 3 00000000-0000-0000-0000-000000000000 155000 600000 250000 1 31 0 3
event 77120000 74180000 3 00000000-0000-0000-0000-000000000000 155000 600000 250000 1 31 0 3
event 77820000 74530000 3 00000000-0000-0000-0000-000000000000 155000 600000 250000 1 31 0 3
event 77820000 74510000 3 00000000-0000-0000-0000-000000000000 155000 600000 250000 1 31 0 3
event 77990000 74390000 3 00000000-0000-0000-0000-000000000000 155000 600000 250000 1 31 0 3
event 90010000 72230000 3 00000000-0000-0000-0000-000000000000 155000 600000 250000 1 31 0 3
event 101280000 62500000 3 00000000-0000-0000-0000-000000000000 155000 600000 250000 1 31 0 3
event 101600000 58520000 3 00000000-0000-0000-0000-000000000000 155000 600000 250000 1 31 0 3
event 101460000 57960000 3 00000000-0000-0000-0000-000000000000 155000 600000 250000 1 31 0 3
event 101420000 57860000 3 00000000-0000-0000-0000-000000000000 155000 600000 250000 1 31 0 3
event 101420000 57740000 3 00000000-0000-0000-0000-000000000000 155000 600000 250000 1 31 0 3
event 101380000 57630000 3 00000000-0000-0000-0000-000000000000 155000 600000 250000 1 31 0 3
event 101360000 57470000 3 00000000-0000-0000-0000-000000000000 155000 600000 250000 1 31 0 3
event 101340000 57430000 3 00000000-0000-0000-0000-000000000000 155000 600000 250000 1 31 0 3
event 101320000 57430000 3 00000000-0000-0000-0000-000000000000 155000 600000 250000 1 31 0 3
event 101170000 57340000 3 00000000-0000-0000-0000-000000000000 155000 600000 250000 1 31 0 3
event 101150000 57340000 3 00000000-0000-0000-0000-000000000000 155000 600000 250000 1 31 0 3
event 101110000 57410000 3 00000000-0000-0000-0000-000000000000 155000 600000 250000 1 31 0 3
event 101010000 57470000 3 00000000-0000-0000-0000-000000000000 155000 600000 250000 1 31 0 3
event 100930000 57630000 3 00000000-0000-0000-0000-000000000000 155000 600000 250000 1 31 0 3
event 100910000 57880000 3 00000000-0000-0000-0000-000000000000 155000 600000 250000 1 31 0 3
event 100910000 58230000 3 00000000-0000-0000-0000-000000000000 155000 600000 250000 1 31 0 3
event 100840000 58520000 3 00000000-0000-0000-0000-000000000000 155000 600000 250000 1 31 0 3
event 100840000 58760000 3 00000000-0000-0000-0000-000000000000 155000 600000 250000 1 31 0 3
event 100840000 58780000 3 00000000-0000-0000-0000-000000000000 155000 600000 250000 1 31 0 3
event 100820000 58780000 3 00000000-0000-0000-0000-000000000000 155000 600000 250000 1 31 0 3
event 100800000 58760000 3 00000000-0000-0000-0000-000000000000 155000 600000 250000 1 31 0 3
event 100740000 58740000 3 00000000-0000-0000-0000-000000000000 155000 600000 250000 1 31 0 3
event 100700000 58740000 3 00000000-0000-0000-0000-000000000000 155000 600000 250000 1 31 0 3
event 100700000 58700000 3 00000000-0000-0000-0000-000000000000 155000 600000 250000 1 31 0 3
event 100660000 58700000 3 00000000-0000-0000-0000-000000000000 155000 600000 250000 1 31 0 3
head line net 2 layers 31 31
head line net 1 layers 31 31

