mode 2
event 84710000 64080000 0 c99b310e-e571-49a7-bcef-7ba988dacf29 100000 800000 400000 0 31 0 3
event 85160000 64370000 3 00000000-0000-0000-0000-000000000000 155000 600000 250000 1 31 0 3
event 85110000 64420000 3 00000000-0000-0000-0000-000000000000 155000 600000 250000 1 31 0 3
event 85110000 64560000 3 00000000-0000-0000-0000-000000000000 155000 600000 250000 1 31 0 3
event 85460000 64860000 3 00000000-0000-0000-0000-000000000000 155000 600000 250000 1 31 0 3
event 85960000 65110000 3 00000000-0000-0000-0000-000000000000 155000 600000 250000 1 31 0 3
event 86370000 65250000 3 00000000-0000-0000-0000-000000000000 155000 600000 250000 1 31 0 3
event 89270000 65190000 3 00000000-0000-0000-0000-000000000000 155000 600000 250000 1 31 0 3
event 91600000 64700000 3 00000000-0000-0000-0000-000000000000 155000 600000 250000 1 31 0 3
event 92010000 64700000 3 00000000-0000-0000-0000-000000000000 155000 600000 250000 1 31 0 3
event 92120000 64670000 3 00000000-0000-0000-0000-000000000000 155000 600000 250000 1 31 0 3
event 93320000 64510000 3 00000000-0000-0000-0000-000000000000 155000 600000 250000 1 31 0 3
event 93430000 64480000 3 00000000-0000-0000-0000-000000000000 155000 600000 250000 1 31 0 3
event 94170000 64290000 3 00000000-0000-0000-0000-000000000000 155000 600000 250000 1 31 0 3
event 94860000 64070000 3 00000000-0000-0000-0000-000000000000 155000 600000 250000 1 31 0 3
event 94940000 64070000 3 00000000-0000-0000-0000-000000000000 155000 600000 250000 1 31 0 3
event 95350000 63990000 3 00000000-0000-0000-0000-000000000000 155000 600000 250000 1 31 0 3
event 95920000 64090000 3 00000000-0000-0000-0000-000000000000 155000 600000 250000 1 31 0 3
event 96030000 64180000 3 00000000-0000-0000-0000-000000000000 155000 600000 250000 1 31 0 3
event 0 0 5 00000000-0000-0000-0000-000000000000 100000 800000 400000 0 31 0 3
event 96060000 64180000 3 00000000-0000-0000-0000-000000000000 155000 600000 250000 1 31 0 3
event 96660000 63850000 3 00000000-0000-0000-0000-000000000000 155000 600000 250000 1 31 0 3
event 97270000 63470000 3 00000000-0000-0000-0000-000000000000 155000 600000 250000 1 31 0 3
event 97320000 63250000 3 00000000-0000-0000-0000-000000000000 155000 600000 250000 1 31 0 3
event 97320000 63220000 3 00000000-0000-0000-0000-000000000000 155000 600000 250000 1 31 0 3
event 97510000 62670000 3 00000000-0000-0000-0000-000000000000 155000 600000 250000 1 31 0 3
event 97510000 62480000 3 00000000-0000-0000-0000-000000000000 155000 600000 250000 1 31 0 3
event 97510000 62370000 3 00000000-0000-0000-0000-000000000000 155000 600000 250000 1 31 0 3
event 97510000 62620000 3 00000000-0000-0000-0000-000000000000 155000 600000 250000 1 31 0 3
head line net 5 layers 0 0
head line net 4 layers 0 0

